[debug] [2023-06-16T18:33:16.291Z] ----------------------------------------------------------------------
[debug] [2023-06-16T18:33:16.295Z] Command:       C:\Program Files\nodejs\node.exe C:\Users\gulwa\AppData\Roaming\npm\node_modules\firebase-tools\lib\bin\firebase.js init
[debug] [2023-06-16T18:33:16.296Z] CLI Version:   12.4.0
[debug] [2023-06-16T18:33:16.298Z] Platform:      win32
[debug] [2023-06-16T18:33:16.298Z] Node Version:  v18.12.1
[debug] [2023-06-16T18:33:16.302Z] Time:          Sat Jun 17 2023 00:03:16 GMT+0530 (India Standard Time)
[debug] [2023-06-16T18:33:16.303Z] ----------------------------------------------------------------------
[debug] 
[debug] [2023-06-16T18:33:16.403Z] > command requires scopes: ["email","openid","https://www.googleapis.com/auth/cloudplatformprojects.readonly","https://www.googleapis.com/auth/firebase","https://www.googleapis.com/auth/cloud-platform"]
[debug] [2023-06-16T18:33:16.403Z] > authorizing via signed-in user (gulwanin35@gmail.com)
[info] 
     ######## #### ########  ######## ########     ###     ######  ########
     ##        ##  ##     ## ##       ##     ##  ##   ##  ##       ##
     ######    ##  ########  ######   ########  #########  ######  ######
     ##        ##  ##    ##  ##       ##     ## ##     ##       ## ##
     ##       #### ##     ## ######## ########  ##     ##  ######  ########

You're about to initialize a Firebase project in this directory:

  C:\Desktop\final projects\Chatify

Before we get started, keep in mind:

  * You are currently outside your home directory
  * You are initializing within an existing Firebase project directory

[info] 
=== Project Setup
[info] 
[info] First, let's associate this project directory with a Firebase project.
[info] You can create multiple project aliases by running firebase use --add, 
[info] but for now we'll just set up a default project.
[info] 
[debug] [2023-06-16T18:33:27.107Z] Using project from CLI flag: chatify-49
[debug] [2023-06-16T18:33:27.110Z] >>> [apiv2][query] GET https://firebase.googleapis.com/v1beta1/projects/chatify-49 [none]
[debug] [2023-06-16T18:33:28.026Z] <<< [apiv2][status] GET https://firebase.googleapis.com/v1beta1/projects/chatify-49 403
[debug] [2023-06-16T18:33:28.026Z] <<< [apiv2][body] GET https://firebase.googleapis.com/v1beta1/projects/chatify-49 {"error":{"code":403,"message":"The caller does not have permission","status":"PERMISSION_DENIED"}}
[debug] [2023-06-16T18:33:28.027Z] HTTP Error: 403, The caller does not have permission
[debug] [2023-06-16T18:33:28.521Z] FirebaseError: HTTP Error: 403, The caller does not have permission
    at responseToError (C:\Users\gulwa\AppData\Roaming\npm\node_modules\firebase-tools\lib\responseToError.js:49:12)
    at RetryOperation._fn (C:\Users\gulwa\AppData\Roaming\npm\node_modules\firebase-tools\lib\apiv2.js:288:77)
    at process.processTicksAndRejections (node:internal/process/task_queues:95:5)
[error] 
[error] Error: Failed to get Firebase project chatify-49. Please make sure the project exists and your account has permission to access it.
